<?xml version="1.0" encoding="UTF-8"?>
<testng-results ignored="0" total="1" passed="1" failed="0" skipped="0">
  <reporter-output>
  </reporter-output>
  <suite started-at="2022-03-13T16:07:14 GMT" name="Surefire suite" finished-at="2022-03-13T16:07:14 GMT" duration-ms="58">
    <groups>
    </groups>
    <test started-at="2022-03-13T16:07:14 GMT" name="Surefire test" finished-at="2022-03-13T16:07:14 GMT" duration-ms="58">
      <class name="org.multiAgent.AppTest">
        <test-method signature="shouldAnswerWithTrue()" started-at="2022-03-13T16:07:14 GMT" name="shouldAnswerWithTrue" finished-at="2022-03-13T16:07:14 GMT" duration-ms="13" status="PASS">
          <reporter-output>
          </reporter-output>
        </test-method> <!-- shouldAnswerWithTrue -->
      </class> <!-- org.multiAgent.AppTest -->
    </test> <!-- Surefire test -->
  </suite> <!-- Surefire suite -->
</testng-results>
