<?xml version="1.0" encoding="UTF-8"?>
<testng-results ignored="0" total="32" passed="32" failed="0" skipped="0">
  <reporter-output>
  </reporter-output>
  <suite started-at="2022-04-05T21:33:06 BST" name="Surefire suite" finished-at="2022-04-05T21:33:06 BST" duration-ms="111">
    <groups>
    </groups>
    <test started-at="2022-04-05T21:33:06 BST" name="Surefire test" finished-at="2022-04-05T21:33:06 BST" duration-ms="111">
      <class name="org.multiAgent.Models.MatrixTest">
        <test-method signature="demote()" started-at="2022-04-05T21:33:06 BST" name="demote" finished-at="2022-04-05T21:33:06 BST" duration-ms="10" status="PASS">
          <reporter-output>
          </reporter-output>
        </test-method> <!-- demote -->
        <test-method signature="print()" started-at="2022-04-05T21:33:06 BST" name="print" finished-at="2022-04-05T21:33:06 BST" duration-ms="15" status="PASS">
          <reporter-output>
          </reporter-output>
        </test-method> <!-- print -->
        <test-method signature="get()" started-at="2022-04-05T21:33:06 BST" name="get" finished-at="2022-04-05T21:33:06 BST" duration-ms="14" status="PASS">
          <reporter-output>
          </reporter-output>
        </test-method> <!-- get -->
      </class> <!-- org.multiAgent.Models.MatrixTest -->
      <class name="org.multiAgent.BroadCastCommunication.MessagerTest">
        <test-method signature="printLog()" started-at="2022-04-05T21:33:06 BST" name="printLog" finished-at="2022-04-05T21:33:06 BST" duration-ms="8" status="PASS">
          <reporter-output>
          </reporter-output>
        </test-method> <!-- printLog -->
        <test-method signature="broadCast()" started-at="2022-04-05T21:33:06 BST" name="broadCast" finished-at="2022-04-05T21:33:06 BST" duration-ms="8" status="PASS">
          <reporter-output>
          </reporter-output>
        </test-method> <!-- broadCast -->
        <test-method signature="printLastOne()" started-at="2022-04-05T21:33:06 BST" name="printLastOne" finished-at="2022-04-05T21:33:06 BST" duration-ms="8" status="PASS">
          <reporter-output>
          </reporter-output>
        </test-method> <!-- printLastOne -->
        <test-method signature="checkClose()" started-at="2022-04-05T21:33:06 BST" name="checkClose" finished-at="2022-04-05T21:33:06 BST" duration-ms="8" status="PASS">
          <reporter-output>
          </reporter-output>
        </test-method> <!-- checkClose -->
        <test-method signature="addMessage()" started-at="2022-04-05T21:33:06 BST" name="addMessage" finished-at="2022-04-05T21:33:06 BST" duration-ms="8" status="PASS">
          <reporter-output>
          </reporter-output>
        </test-method> <!-- addMessage -->
        <test-method signature="testCheckMessageExistence()" started-at="2022-04-05T21:33:06 BST" name="testCheckMessageExistence" finished-at="2022-04-05T21:33:06 BST" duration-ms="7" status="PASS">
          <reporter-output>
          </reporter-output>
        </test-method> <!-- testCheckMessageExistence -->
        <test-method signature="getLastOne()" started-at="2022-04-05T21:33:06 BST" name="getLastOne" finished-at="2022-04-05T21:33:06 BST" duration-ms="8" status="PASS">
          <reporter-output>
          </reporter-output>
        </test-method> <!-- getLastOne -->
        <test-method signature="checkMessageExistence()" started-at="2022-04-05T21:33:06 BST" name="checkMessageExistence" finished-at="2022-04-05T21:33:06 BST" duration-ms="7" status="PASS">
          <reporter-output>
          </reporter-output>
        </test-method> <!-- checkMessageExistence -->
        <test-method signature="checkAgreed()" started-at="2022-04-05T21:33:06 BST" name="checkAgreed" finished-at="2022-04-05T21:33:06 BST" duration-ms="7" status="PASS">
          <reporter-output>
          </reporter-output>
        </test-method> <!-- checkAgreed -->
        <test-method signature="checkDemote()" started-at="2022-04-05T21:33:06 BST" name="checkDemote" finished-at="2022-04-05T21:33:06 BST" duration-ms="7" status="PASS">
          <reporter-output>
          </reporter-output>
        </test-method> <!-- checkDemote -->
      </class> <!-- org.multiAgent.BroadCastCommunication.MessagerTest -->
      <class name="org.multiAgent.Models.SocialWelfareModelTest">
        <test-method signature="getPossibility()" started-at="2022-04-05T21:33:06 BST" name="getPossibility" finished-at="2022-04-05T21:33:06 BST" duration-ms="4" status="PASS">
          <reporter-output>
          </reporter-output>
        </test-method> <!-- getPossibility -->
        <test-method signature="demote()" started-at="2022-04-05T21:33:06 BST" name="demote" finished-at="2022-04-05T21:33:06 BST" duration-ms="3" status="PASS">
          <reporter-output>
          </reporter-output>
        </test-method> <!-- demote -->
        <test-method signature="getDistribution()" started-at="2022-04-05T21:33:06 BST" name="getDistribution" finished-at="2022-04-05T21:33:06 BST" duration-ms="4" status="PASS">
          <reporter-output>
          </reporter-output>
        </test-method> <!-- getDistribution -->
        <test-method signature="initialize()" started-at="2022-04-05T21:33:06 BST" name="initialize" finished-at="2022-04-05T21:33:06 BST" duration-ms="4" status="PASS">
          <reporter-output>
          </reporter-output>
        </test-method> <!-- initialize -->
        <test-method signature="update()" started-at="2022-04-05T21:33:06 BST" name="update" finished-at="2022-04-05T21:33:06 BST" duration-ms="3" status="PASS">
          <reporter-output>
          </reporter-output>
        </test-method> <!-- update -->
      </class> <!-- org.multiAgent.Models.SocialWelfareModelTest -->
      <class name="org.multiAgent.AgentTest">
        <test-method signature="getPossibility()" started-at="2022-04-05T21:33:06 BST" name="getPossibility" finished-at="2022-04-05T21:33:06 BST" duration-ms="16" status="PASS">
          <reporter-output>
          </reporter-output>
        </test-method> <!-- getPossibility -->
        <test-method signature="getAgentId()" started-at="2022-04-05T21:33:06 BST" name="getAgentId" finished-at="2022-04-05T21:33:06 BST" duration-ms="15" status="PASS">
          <reporter-output>
          </reporter-output>
        </test-method> <!-- getAgentId -->
        <test-method signature="getAgreeable1()" started-at="2022-04-05T21:33:06 BST" name="getAgreeable1" finished-at="2022-04-05T21:33:06 BST" duration-ms="14" status="PASS">
          <reporter-output>
          </reporter-output>
        </test-method> <!-- getAgreeable1 -->
        <test-method signature="getDvaf()" started-at="2022-04-05T21:33:06 BST" name="getDvaf" finished-at="2022-04-05T21:33:06 BST" duration-ms="15" status="PASS">
          <reporter-output>
          </reporter-output>
        </test-method> <!-- getDvaf -->
        <test-method signature="protocol()" started-at="2022-04-05T21:33:06 BST" name="protocol" finished-at="2022-04-05T21:33:06 BST" duration-ms="14" status="PASS">
          <reporter-output>
          </reporter-output>
        </test-method> <!-- protocol -->
        <test-method signature="updateModel()" started-at="2022-04-05T21:33:06 BST" name="updateModel" finished-at="2022-04-05T21:33:06 BST" duration-ms="14" status="PASS">
          <reporter-output>
          </reporter-output>
        </test-method> <!-- updateModel -->
        <test-method signature="reset()" started-at="2022-04-05T21:33:06 BST" name="reset" finished-at="2022-04-05T21:33:06 BST" duration-ms="14" status="PASS">
          <reporter-output>
          </reporter-output>
        </test-method> <!-- reset -->
        <test-method signature="getAgreeable()" started-at="2022-04-05T21:33:06 BST" name="getAgreeable" finished-at="2022-04-05T21:33:06 BST" duration-ms="14" status="PASS">
          <reporter-output>
          </reporter-output>
        </test-method> <!-- getAgreeable -->
        <test-method signature="act()" started-at="2022-04-05T21:33:06 BST" name="act" finished-at="2022-04-05T21:33:06 BST" duration-ms="14" status="PASS">
          <reporter-output>
          </reporter-output>
        </test-method> <!-- act -->
        <test-method signature="getAgreeableAction()" started-at="2022-04-05T21:33:06 BST" name="getAgreeableAction" finished-at="2022-04-05T21:33:06 BST" duration-ms="14" status="PASS">
          <reporter-output>
          </reporter-output>
        </test-method> <!-- getAgreeableAction -->
        <test-method signature="getAudiences()" started-at="2022-04-05T21:33:06 BST" name="getAudiences" finished-at="2022-04-05T21:33:06 BST" duration-ms="14" status="PASS">
          <reporter-output>
          </reporter-output>
        </test-method> <!-- getAudiences -->
        <test-method signature="initializeByTopic()" started-at="2022-04-05T21:33:06 BST" name="initializeByTopic" finished-at="2022-04-05T21:33:06 BST" duration-ms="14" status="PASS">
          <reporter-output>
          </reporter-output>
        </test-method> <!-- initializeByTopic -->
        <test-method signature="collectAgentInfo()" started-at="2022-04-05T21:33:06 BST" name="collectAgentInfo" finished-at="2022-04-05T21:33:06 BST" duration-ms="14" status="PASS">
          <reporter-output>
          </reporter-output>
        </test-method> <!-- collectAgentInfo -->
      </class> <!-- org.multiAgent.AgentTest -->
      <class name="org.multiAgent.TemplateTest">
        <test-method signature="shouldAnswerWithTrue()" started-at="2022-04-05T21:33:06 BST" name="shouldAnswerWithTrue" finished-at="2022-04-05T21:33:06 BST" duration-ms="0" status="PASS">
          <reporter-output>
          </reporter-output>
        </test-method> <!-- shouldAnswerWithTrue -->
      </class> <!-- org.multiAgent.TemplateTest -->
    </test> <!-- Surefire test -->
  </suite> <!-- Surefire suite -->
</testng-results>
